{"/home/denier/izyane/mojaloop/reporting-aggregator-svc/src/config.ts": {"path":"/home/denier/izyane/mojaloop/reporting-aggregator-svc/src/config.ts","statementMap":{"0":{"start":{"line":1,"column":0},"end":{"line":1,"column":30}},"1":{"start":{"line":4,"column":15},"end":{"line":89,"column":2}},"2":{"start":{"line":91,"column":0},"end":{"line":91,"column":39}},"3":{"start":{"line":93,"column":0},"end":{"line":93,"column":22}}},"fnMap":{},"branchMap":{},"s":{"0":0,"1":0,"2":0,"3":0},"f":{},"b":{}}
,"/home/denier/izyane/mojaloop/reporting-aggregator-svc/src/constants.ts": {"path":"/home/denier/izyane/mojaloop/reporting-aggregator-svc/src/constants.ts","statementMap":{"0":{"start":{"line":1,"column":0},"end":{"line":1,"column":48}},"1":{"start":{"line":3,"column":13},"end":{"line":3,"column":49}},"2":{"start":{"line":5,"column":13},"end":{"line":8,"column":11}},"3":{"start":{"line":10,"column":13},"end":{"line":13,"column":11}}},"fnMap":{},"branchMap":{},"s":{"0":1,"1":1,"2":1,"3":1},"f":{},"b":{}}
,"/home/denier/izyane/mojaloop/reporting-aggregator-svc/src/index.ts": {"path":"/home/denier/izyane/mojaloop/reporting-aggregator-svc/src/index.ts","statementMap":{"0":{"start":{"line":1,"column":0},"end":{"line":1,"column":56}},"1":{"start":{"line":2,"column":0},"end":{"line":2,"column":50}},"2":{"start":{"line":3,"column":0},"end":{"line":3,"column":74}},"3":{"start":{"line":4,"column":0},"end":{"line":4,"column":71}},"4":{"start":{"line":5,"column":0},"end":{"line":5,"column":30}},"5":{"start":{"line":6,"column":0},"end":{"line":6,"column":32}},"6":{"start":{"line":8,"column":0},"end":{"line":8,"column":69}},"7":{"start":{"line":9,"column":0},"end":{"line":9,"column":69}},"8":{"start":{"line":16,"column":14},"end":{"line":33,"column":1}},"9":{"start":{"line":17,"column":2},"end":{"line":17,"column":32}},"10":{"start":{"line":18,"column":2},"end":{"line":18,"column":39}},"11":{"start":{"line":20,"column":25},"end":{"line":28,"column":4}},"12":{"start":{"line":29,"column":2},"end":{"line":29,"column":52}},"13":{"start":{"line":30,"column":2},"end":{"line":30,"column":56}},"14":{"start":{"line":31,"column":2},"end":{"line":31,"column":56}},"15":{"start":{"line":32,"column":2},"end":{"line":32,"column":110}},"16":{"start":{"line":35,"column":13},"end":{"line":46,"column":1}},"17":{"start":{"line":36,"column":2},"end":{"line":45,"column":3}},"18":{"start":{"line":37,"column":4},"end":{"line":37,"column":112}},"19":{"start":{"line":38,"column":4},"end":{"line":38,"column":32}},"20":{"start":{"line":39,"column":4},"end":{"line":39,"column":43}},"21":{"start":{"line":40,"column":4},"end":{"line":40,"column":32}},"22":{"start":{"line":41,"column":4},"end":{"line":41,"column":45}},"23":{"start":{"line":43,"column":4},"end":{"line":43,"column":49}},"24":{"start":{"line":44,"column":4},"end":{"line":44,"column":16}},"25":{"start":{"line":48,"column":0},"end":{"line":48,"column":29}}},"fnMap":{"0":{"name":"(anonymous_1)","decl":{"start":{"line":16,"column":14},"end":{"line":16,"column":19}},"loc":{"start":{"line":16,"column":25},"end":{"line":33,"column":1}}},"1":{"name":"(anonymous_2)","decl":{"start":{"line":35,"column":13},"end":{"line":35,"column":18}},"loc":{"start":{"line":35,"column":24},"end":{"line":46,"column":1}}}},"branchMap":{},"s":{"0":0,"1":0,"2":0,"3":0,"4":0,"5":0,"6":0,"7":0,"8":0,"9":0,"10":0,"11":0,"12":0,"13":0,"14":0,"15":0,"16":0,"17":0,"18":0,"19":0,"20":0,"21":0,"22":0,"23":0,"24":0,"25":0},"f":{"0":0,"1":0},"b":{}}
,"/home/denier/izyane/mojaloop/reporting-aggregator-svc/src/schemas.ts": {"path":"/home/denier/izyane/mojaloop/reporting-aggregator-svc/src/schemas.ts","statementMap":{"0":{"start":{"line":1,"column":0},"end":{"line":1,"column":48}},"1":{"start":{"line":142,"column":20},"end":{"line":149,"column":null}},"2":{"start":{"line":152,"column":27},"end":{"line":165,"column":null}},"3":{"start":{"line":168,"column":28},"end":{"line":193,"column":null}},"4":{"start":{"line":196,"column":30},"end":{"line":228,"column":null}},"5":{"start":{"line":231,"column":25},"end":{"line":251,"column":null}},"6":{"start":{"line":254,"column":26},"end":{"line":301,"column":null}},"7":{"start":{"line":304,"column":20},"end":{"line":310,"column":null}},"8":{"start":{"line":313,"column":25},"end":{"line":335,"column":null}},"9":{"start":{"line":338,"column":13},"end":{"line":338,"column":107}},"10":{"start":{"line":339,"column":13},"end":{"line":339,"column":77}},"11":{"start":{"line":340,"column":13},"end":{"line":340,"column":102}}},"fnMap":{},"branchMap":{},"s":{"0":1,"1":1,"2":1,"3":1,"4":1,"5":1,"6":1,"7":1,"8":1,"9":1,"10":1,"11":1},"f":{},"b":{}}
,"/home/denier/izyane/mojaloop/reporting-aggregator-svc/src/types.ts": {"path":"/home/denier/izyane/mojaloop/reporting-aggregator-svc/src/types.ts","statementMap":{"0":{"start":{"line":1,"column":0},"end":{"line":1,"column":31}},"1":{"start":{"line":2,"column":0},"end":{"line":2,"column":30}},"2":{"start":{"line":3,"column":0},"end":{"line":3,"column":30}}},"fnMap":{},"branchMap":{},"s":{"0":0,"1":0,"2":0},"f":{},"b":{}}
,"/home/denier/izyane/mojaloop/reporting-aggregator-svc/src/domain/FxTransferAggregator.ts": {"path":"/home/denier/izyane/mojaloop/reporting-aggregator-svc/src/domain/FxTransferAggregator.ts","statementMap":{"0":{"start":{"line":55,"column":31},"end":{"line":55,"column":36}},"1":{"start":{"line":59,"column":21},"end":{"line":59,"column":35}},"2":{"start":{"line":62,"column":4},"end":{"line":62,"column":35}},"3":{"start":{"line":66,"column":4},"end":{"line":69,"column":5}},"4":{"start":{"line":67,"column":6},"end":{"line":67,"column":72}},"5":{"start":{"line":68,"column":6},"end":{"line":68,"column":13}},"6":{"start":{"line":71,"column":4},"end":{"line":71,"column":26}},"7":{"start":{"line":72,"column":4},"end":{"line":72,"column":62}},"8":{"start":{"line":74,"column":4},"end":{"line":79,"column":5}},"9":{"start":{"line":75,"column":6},"end":{"line":75,"column":38}},"10":{"start":{"line":77,"column":6},"end":{"line":77,"column":68}},"11":{"start":{"line":78,"column":6},"end":{"line":78,"column":18}},"12":{"start":{"line":83,"column":4},"end":{"line":86,"column":5}},"13":{"start":{"line":84,"column":6},"end":{"line":84,"column":72}},"14":{"start":{"line":85,"column":6},"end":{"line":85,"column":13}},"15":{"start":{"line":88,"column":4},"end":{"line":88,"column":27}},"16":{"start":{"line":89,"column":4},"end":{"line":89,"column":62}},"17":{"start":{"line":93,"column":4},"end":{"line":93,"column":21}},"18":{"start":{"line":100,"column":4},"end":{"line":100,"column":38}},"19":{"start":{"line":100,"column":26},"end":{"line":100,"column":38}},"20":{"start":{"line":102,"column":27},"end":{"line":102,"column":99}},"21":{"start":{"line":104,"column":4},"end":{"line":154,"column":6}},"22":{"start":{"line":133,"column":41},"end":{"line":143,"column":14}},"23":{"start":{"line":158,"column":17},"end":{"line":160,"column":44}},"24":{"start":{"line":160,"column":22},"end":{"line":160,"column":42}},"25":{"start":{"line":162,"column":4},"end":{"line":285,"column":5}},"26":{"start":{"line":163,"column":6},"end":{"line":284,"column":7}},"27":{"start":{"line":164,"column":56},"end":{"line":169,"column":37}},"28":{"start":{"line":171,"column":8},"end":{"line":174,"column":9}},"29":{"start":{"line":172,"column":10},"end":{"line":172,"column":81}},"30":{"start":{"line":172,"column":41},"end":{"line":172,"column":79}},"31":{"start":{"line":173,"column":10},"end":{"line":173,"column":19}},"32":{"start":{"line":177,"column":24},"end":{"line":177,"column":89}},"33":{"start":{"line":178,"column":27},"end":{"line":178,"column":29}},"34":{"start":{"line":180,"column":32},"end":{"line":223,"column":10}},"35":{"start":{"line":225,"column":29},"end":{"line":236,"column":10}},"36":{"start":{"line":238,"column":8},"end":{"line":262,"column":9}},"37":{"start":{"line":239,"column":63},"end":{"line":239,"column":66}},"38":{"start":{"line":241,"column":29},"end":{"line":244,"column":12}},"39":{"start":{"line":245,"column":41},"end":{"line":245,"column":57}},"40":{"start":{"line":246,"column":10},"end":{"line":246,"column":30}},"41":{"start":{"line":246,"column":21},"end":{"line":246,"column":30}},"42":{"start":{"line":248,"column":32},"end":{"line":248,"column":95}},"43":{"start":{"line":249,"column":42},"end":{"line":249,"column":58}},"44":{"start":{"line":251,"column":10},"end":{"line":251,"column":50}},"45":{"start":{"line":252,"column":32},"end":{"line":252,"column":71}},"46":{"start":{"line":253,"column":10},"end":{"line":261,"column":11}},"47":{"start":{"line":254,"column":12},"end":{"line":260,"column":15}},"48":{"start":{"line":264,"column":8},"end":{"line":271,"column":9}},"49":{"start":{"line":265,"column":10},"end":{"line":270,"column":11}},"50":{"start":{"line":266,"column":12},"end":{"line":266,"column":67}},"51":{"start":{"line":267,"column":12},"end":{"line":267,"column":105}},"52":{"start":{"line":269,"column":12},"end":{"line":269,"column":88}},"53":{"start":{"line":273,"column":8},"end":{"line":277,"column":10}},"54":{"start":{"line":278,"column":8},"end":{"line":278,"column":27}},"55":{"start":{"line":279,"column":8},"end":{"line":279,"column":83}},"56":{"start":{"line":281,"column":8},"end":{"line":281,"column":70}},"57":{"start":{"line":283,"column":8},"end":{"line":283,"column":79}},"58":{"start":{"line":283,"column":39},"end":{"line":283,"column":77}},"59":{"start":{"line":54,"column":0},"end":{"line":54,"column":13}}},"fnMap":{"0":{"name":"(anonymous_0)","decl":{"start":{"line":58,"column":2},"end":{"line":58,"column":null}},"loc":{"start":{"line":60,"column":49},"end":{"line":63,"column":3}}},"1":{"name":"(anonymous_1)","decl":{"start":{"line":65,"column":2},"end":{"line":65,"column":7}},"loc":{"start":{"line":65,"column":13},"end":{"line":80,"column":3}}},"2":{"name":"(anonymous_2)","decl":{"start":{"line":82,"column":2},"end":{"line":82,"column":7}},"loc":{"start":{"line":82,"column":12},"end":{"line":90,"column":3}}},"3":{"name":"(anonymous_3)","decl":{"start":{"line":92,"column":2},"end":{"line":92,"column":9}},"loc":{"start":{"line":92,"column":9},"end":{"line":94,"column":3}}},"4":{"name":"(anonymous_4)","decl":{"start":{"line":96,"column":10},"end":{"line":96,"column":15}},"loc":{"start":{"line":98,"column":27},"end":{"line":155,"column":3}}},"5":{"name":"(anonymous_5)","decl":{"start":{"line":133,"column":33},"end":{"line":133,"column":34}},"loc":{"start":{"line":133,"column":41},"end":{"line":143,"column":14}}},"6":{"name":"(anonymous_6)","decl":{"start":{"line":157,"column":10},"end":{"line":157,"column":15}},"loc":{"start":{"line":157,"column":34},"end":{"line":286,"column":3}}},"7":{"name":"(anonymous_7)","decl":{"start":{"line":160,"column":12},"end":{"line":160,"column":13}},"loc":{"start":{"line":160,"column":22},"end":{"line":160,"column":42}}},"8":{"name":"(anonymous_8)","decl":{"start":{"line":172,"column":28},"end":{"line":172,"column":29}},"loc":{"start":{"line":172,"column":41},"end":{"line":172,"column":79}}},"9":{"name":"(anonymous_9)","decl":{"start":{"line":283,"column":26},"end":{"line":283,"column":27}},"loc":{"start":{"line":283,"column":39},"end":{"line":283,"column":77}}}},"branchMap":{"0":{"loc":{"start":{"line":60,"column":4},"end":{"line":60,"column":49}},"type":"default-arg","locations":[{"start":{"line":60,"column":26},"end":{"line":60,"column":49}}]},"1":{"loc":{"start":{"line":66,"column":4},"end":{"line":69,"column":5}},"type":"if","locations":[{"start":{"line":66,"column":4},"end":{"line":69,"column":5}}]},"2":{"loc":{"start":{"line":83,"column":4},"end":{"line":86,"column":5}},"type":"if","locations":[{"start":{"line":83,"column":4},"end":{"line":86,"column":5}}]},"3":{"loc":{"start":{"line":100,"column":4},"end":{"line":100,"column":38}},"type":"if","locations":[{"start":{"line":100,"column":4},"end":{"line":100,"column":38}}]},"4":{"loc":{"start":{"line":102,"column":27},"end":{"line":102,"column":99}},"type":"cond-expr","locations":[{"start":{"line":102,"column":82},"end":{"line":102,"column":89}},{"start":{"line":102,"column":92},"end":{"line":102,"column":99}}]},"5":{"loc":{"start":{"line":109,"column":29},"end":{"line":109,"column":67}},"type":"binary-expr","locations":[{"start":{"line":109,"column":29},"end":{"line":109,"column":59}},{"start":{"line":109,"column":63},"end":{"line":109,"column":67}}]},"6":{"loc":{"start":{"line":110,"column":31},"end":{"line":110,"column":71}},"type":"binary-expr","locations":[{"start":{"line":110,"column":31},"end":{"line":110,"column":63}},{"start":{"line":110,"column":67},"end":{"line":110,"column":71}}]},"7":{"loc":{"start":{"line":111,"column":24},"end":{"line":111,"column":57}},"type":"binary-expr","locations":[{"start":{"line":111,"column":24},"end":{"line":111,"column":49}},{"start":{"line":111,"column":53},"end":{"line":111,"column":57}}]},"8":{"loc":{"start":{"line":112,"column":37},"end":{"line":112,"column":83}},"type":"binary-expr","locations":[{"start":{"line":112,"column":37},"end":{"line":112,"column":75}},{"start":{"line":112,"column":79},"end":{"line":112,"column":83}}]},"9":{"loc":{"start":{"line":113,"column":27},"end":{"line":113,"column":63}},"type":"binary-expr","locations":[{"start":{"line":113,"column":27},"end":{"line":113,"column":55}},{"start":{"line":113,"column":59},"end":{"line":113,"column":63}}]},"10":{"loc":{"start":{"line":114,"column":27},"end":{"line":114,"column":63}},"type":"binary-expr","locations":[{"start":{"line":114,"column":27},"end":{"line":114,"column":55}},{"start":{"line":114,"column":59},"end":{"line":114,"column":63}}]},"11":{"loc":{"start":{"line":115,"column":26},"end":{"line":115,"column":61}},"type":"binary-expr","locations":[{"start":{"line":115,"column":26},"end":{"line":115,"column":53}},{"start":{"line":115,"column":57},"end":{"line":115,"column":61}}]},"12":{"loc":{"start":{"line":116,"column":47},"end":{"line":116,"column":85}},"type":"binary-expr","locations":[{"start":{"line":116,"column":47},"end":{"line":116,"column":80}},{"start":{"line":116,"column":84},"end":{"line":116,"column":85}}]},"13":{"loc":{"start":{"line":118,"column":24},"end":{"line":118,"column":70}},"type":"binary-expr","locations":[{"start":{"line":118,"column":24},"end":{"line":118,"column":62}},{"start":{"line":118,"column":66},"end":{"line":118,"column":70}}]},"14":{"loc":{"start":{"line":119,"column":26},"end":{"line":119,"column":74}},"type":"binary-expr","locations":[{"start":{"line":119,"column":26},"end":{"line":119,"column":66}},{"start":{"line":119,"column":70},"end":{"line":119,"column":74}}]},"15":{"loc":{"start":{"line":120,"column":29},"end":{"line":120,"column":80}},"type":"binary-expr","locations":[{"start":{"line":120,"column":29},"end":{"line":120,"column":72}},{"start":{"line":120,"column":76},"end":{"line":120,"column":80}}]},"16":{"loc":{"start":{"line":121,"column":35},"end":{"line":121,"column":92}},"type":"binary-expr","locations":[{"start":{"line":121,"column":35},"end":{"line":121,"column":84}},{"start":{"line":121,"column":88},"end":{"line":121,"column":92}}]},"17":{"loc":{"start":{"line":122,"column":24},"end":{"line":122,"column":109}},"type":"cond-expr","locations":[{"start":{"line":122,"column":57},"end":{"line":122,"column":97}},{"start":{"line":122,"column":100},"end":{"line":122,"column":109}}]},"18":{"loc":{"start":{"line":123,"column":23},"end":{"line":123,"column":53}},"type":"binary-expr","locations":[{"start":{"line":123,"column":23},"end":{"line":123,"column":45}},{"start":{"line":123,"column":49},"end":{"line":123,"column":53}}]},"19":{"loc":{"start":{"line":124,"column":27},"end":{"line":124,"column":76}},"type":"binary-expr","locations":[{"start":{"line":124,"column":27},"end":{"line":124,"column":68}},{"start":{"line":124,"column":72},"end":{"line":124,"column":76}}]},"20":{"loc":{"start":{"line":126,"column":29},"end":{"line":126,"column":66}},"type":"binary-expr","locations":[{"start":{"line":126,"column":29},"end":{"line":126,"column":61}},{"start":{"line":126,"column":65},"end":{"line":126,"column":66}}]},"21":{"loc":{"start":{"line":127,"column":24},"end":{"line":127,"column":74}},"type":"binary-expr","locations":[{"start":{"line":127,"column":24},"end":{"line":127,"column":66}},{"start":{"line":127,"column":70},"end":{"line":127,"column":74}}]},"22":{"loc":{"start":{"line":130,"column":29},"end":{"line":130,"column":66}},"type":"binary-expr","locations":[{"start":{"line":130,"column":29},"end":{"line":130,"column":61}},{"start":{"line":130,"column":65},"end":{"line":130,"column":66}}]},"23":{"loc":{"start":{"line":131,"column":24},"end":{"line":131,"column":74}},"type":"binary-expr","locations":[{"start":{"line":131,"column":24},"end":{"line":131,"column":66}},{"start":{"line":131,"column":70},"end":{"line":131,"column":74}}]},"24":{"loc":{"start":{"line":134,"column":26},"end":{"line":134,"column":54}},"type":"binary-expr","locations":[{"start":{"line":134,"column":26},"end":{"line":134,"column":46}},{"start":{"line":134,"column":50},"end":{"line":134,"column":54}}]},"25":{"loc":{"start":{"line":136,"column":31},"end":{"line":136,"column":50}},"type":"binary-expr","locations":[{"start":{"line":136,"column":31},"end":{"line":136,"column":45}},{"start":{"line":136,"column":49},"end":{"line":136,"column":50}}]},"26":{"loc":{"start":{"line":137,"column":26},"end":{"line":137,"column":58}},"type":"binary-expr","locations":[{"start":{"line":137,"column":26},"end":{"line":137,"column":50}},{"start":{"line":137,"column":54},"end":{"line":137,"column":58}}]},"27":{"loc":{"start":{"line":140,"column":31},"end":{"line":140,"column":50}},"type":"binary-expr","locations":[{"start":{"line":140,"column":31},"end":{"line":140,"column":45}},{"start":{"line":140,"column":49},"end":{"line":140,"column":50}}]},"28":{"loc":{"start":{"line":141,"column":26},"end":{"line":141,"column":58}},"type":"binary-expr","locations":[{"start":{"line":141,"column":26},"end":{"line":141,"column":50}},{"start":{"line":141,"column":54},"end":{"line":141,"column":58}}]},"29":{"loc":{"start":{"line":147,"column":31},"end":{"line":147,"column":79}},"type":"binary-expr","locations":[{"start":{"line":147,"column":31},"end":{"line":147,"column":71}},{"start":{"line":147,"column":75},"end":{"line":147,"column":79}}]},"30":{"loc":{"start":{"line":148,"column":24},"end":{"line":148,"column":119}},"type":"cond-expr","locations":[{"start":{"line":148,"column":62},"end":{"line":148,"column":107}},{"start":{"line":148,"column":110},"end":{"line":148,"column":119}}]},"31":{"loc":{"start":{"line":149,"column":22},"end":{"line":149,"column":71}},"type":"binary-expr","locations":[{"start":{"line":149,"column":22},"end":{"line":149,"column":63}},{"start":{"line":149,"column":67},"end":{"line":149,"column":71}}]},"32":{"loc":{"start":{"line":160,"column":22},"end":{"line":160,"column":42}},"type":"cond-expr","locations":[{"start":{"line":160,"column":28},"end":{"line":160,"column":38}},{"start":{"line":160,"column":41},"end":{"line":160,"column":42}}]},"33":{"loc":{"start":{"line":171,"column":8},"end":{"line":174,"column":9}},"type":"if","locations":[{"start":{"line":171,"column":8},"end":{"line":174,"column":9}}]},"34":{"loc":{"start":{"line":246,"column":10},"end":{"line":246,"column":30}},"type":"if","locations":[{"start":{"line":246,"column":10},"end":{"line":246,"column":30}}]},"35":{"loc":{"start":{"line":253,"column":10},"end":{"line":261,"column":11}},"type":"if","locations":[{"start":{"line":253,"column":10},"end":{"line":261,"column":11}}]},"36":{"loc":{"start":{"line":264,"column":8},"end":{"line":271,"column":9}},"type":"if","locations":[{"start":{"line":264,"column":8},"end":{"line":271,"column":9}}]}},"s":{"0":1,"1":1,"2":1,"3":2,"4":0,"5":0,"6":2,"7":2,"8":2,"9":2,"10":0,"11":0,"12":2,"13":0,"14":0,"15":2,"16":2,"17":0,"18":20,"19":0,"20":20,"21":20,"22":8,"23":2,"24":2,"25":2,"26":6,"27":6,"28":6,"29":4,"30":4,"31":4,"32":2,"33":2,"34":2,"35":2,"36":2,"37":69,"38":69,"39":69,"40":69,"41":49,"42":20,"43":20,"44":20,"45":20,"46":20,"47":20,"48":2,"49":2,"50":2,"51":2,"52":0,"53":2,"54":2,"55":2,"56":0,"57":6,"58":6,"59":1},"f":{"0":1,"1":2,"2":2,"3":0,"4":20,"5":8,"6":2,"7":2,"8":4,"9":6},"b":{"0":[1],"1":[0],"2":[0],"3":[0],"4":[0,20],"5":[20,20],"6":[20,0],"7":[20,0],"8":[20,0],"9":[20,0],"10":[20,0],"11":[20,0],"12":[20,0],"13":[20,0],"14":[20,0],"15":[20,0],"16":[20,0],"17":[20,0],"18":[20,0],"19":[20,0],"20":[20,0],"21":[20,0],"22":[20,0],"23":[20,0],"24":[8,0],"25":[8,0],"26":[8,0],"27":[8,0],"28":[8,0],"29":[20,0],"30":[20,0],"31":[20,20],"32":[0,2],"33":[4],"34":[49],"35":[20],"36":[2]}}
,"/home/denier/izyane/mojaloop/reporting-aggregator-svc/src/domain/SettlementAggregator.ts": {"path":"/home/denier/izyane/mojaloop/reporting-aggregator-svc/src/domain/SettlementAggregator.ts","statementMap":{"0":{"start":{"line":24,"column":31},"end":{"line":24,"column":36}},"1":{"start":{"line":28,"column":21},"end":{"line":28,"column":35}},"2":{"start":{"line":31,"column":4},"end":{"line":31,"column":35}},"3":{"start":{"line":35,"column":4},"end":{"line":38,"column":5}},"4":{"start":{"line":36,"column":6},"end":{"line":36,"column":72}},"5":{"start":{"line":37,"column":6},"end":{"line":37,"column":13}},"6":{"start":{"line":40,"column":4},"end":{"line":40,"column":26}},"7":{"start":{"line":41,"column":4},"end":{"line":41,"column":62}},"8":{"start":{"line":43,"column":4},"end":{"line":48,"column":5}},"9":{"start":{"line":44,"column":6},"end":{"line":44,"column":38}},"10":{"start":{"line":46,"column":6},"end":{"line":46,"column":68}},"11":{"start":{"line":47,"column":6},"end":{"line":47,"column":18}},"12":{"start":{"line":52,"column":4},"end":{"line":55,"column":5}},"13":{"start":{"line":53,"column":6},"end":{"line":53,"column":72}},"14":{"start":{"line":54,"column":6},"end":{"line":54,"column":13}},"15":{"start":{"line":57,"column":4},"end":{"line":57,"column":27}},"16":{"start":{"line":58,"column":4},"end":{"line":58,"column":62}},"17":{"start":{"line":62,"column":4},"end":{"line":62,"column":21}},"18":{"start":{"line":66,"column":4},"end":{"line":66,"column":42}},"19":{"start":{"line":66,"column":30},"end":{"line":66,"column":42}},"20":{"start":{"line":68,"column":4},"end":{"line":82,"column":6}},"21":{"start":{"line":74,"column":48},"end":{"line":74,"column":74}},"22":{"start":{"line":86,"column":17},"end":{"line":88,"column":44}},"23":{"start":{"line":88,"column":22},"end":{"line":88,"column":42}},"24":{"start":{"line":90,"column":4},"end":{"line":174,"column":5}},"25":{"start":{"line":91,"column":6},"end":{"line":173,"column":7}},"26":{"start":{"line":92,"column":64},"end":{"line":97,"column":37}},"27":{"start":{"line":99,"column":8},"end":{"line":102,"column":9}},"28":{"start":{"line":100,"column":10},"end":{"line":100,"column":81}},"29":{"start":{"line":100,"column":41},"end":{"line":100,"column":79}},"30":{"start":{"line":101,"column":10},"end":{"line":101,"column":19}},"31":{"start":{"line":105,"column":24},"end":{"line":105,"column":105}},"32":{"start":{"line":106,"column":27},"end":{"line":106,"column":29}},"33":{"start":{"line":108,"column":28},"end":{"line":115,"column":10}},"34":{"start":{"line":117,"column":29},"end":{"line":129,"column":10}},"35":{"start":{"line":131,"column":8},"end":{"line":156,"column":9}},"36":{"start":{"line":132,"column":79},"end":{"line":132,"column":82}},"37":{"start":{"line":135,"column":32},"end":{"line":135,"column":111}},"38":{"start":{"line":136,"column":43},"end":{"line":136,"column":62}},"39":{"start":{"line":137,"column":10},"end":{"line":137,"column":32}},"40":{"start":{"line":137,"column":23},"end":{"line":137,"column":32}},"41":{"start":{"line":140,"column":32},"end":{"line":140,"column":91}},"42":{"start":{"line":141,"column":38},"end":{"line":141,"column":105}},"43":{"start":{"line":141,"column":84},"end":{"line":141,"column":104}},"44":{"start":{"line":143,"column":10},"end":{"line":143,"column":46}},"45":{"start":{"line":145,"column":32},"end":{"line":145,"column":75}},"46":{"start":{"line":147,"column":10},"end":{"line":155,"column":11}},"47":{"start":{"line":148,"column":12},"end":{"line":154,"column":15}},"48":{"start":{"line":158,"column":8},"end":{"line":160,"column":9}},"49":{"start":{"line":159,"column":10},"end":{"line":159,"column":64}},"50":{"start":{"line":162,"column":8},"end":{"line":166,"column":10}},"51":{"start":{"line":167,"column":8},"end":{"line":167,"column":27}},"52":{"start":{"line":168,"column":8},"end":{"line":168,"column":83}},"53":{"start":{"line":170,"column":8},"end":{"line":170,"column":70}},"54":{"start":{"line":172,"column":8},"end":{"line":172,"column":79}},"55":{"start":{"line":172,"column":39},"end":{"line":172,"column":77}},"56":{"start":{"line":23,"column":0},"end":{"line":23,"column":13}}},"fnMap":{"0":{"name":"(anonymous_0)","decl":{"start":{"line":27,"column":2},"end":{"line":27,"column":null}},"loc":{"start":{"line":29,"column":46},"end":{"line":32,"column":3}}},"1":{"name":"(anonymous_1)","decl":{"start":{"line":34,"column":2},"end":{"line":34,"column":7}},"loc":{"start":{"line":34,"column":13},"end":{"line":49,"column":3}}},"2":{"name":"(anonymous_2)","decl":{"start":{"line":51,"column":2},"end":{"line":51,"column":7}},"loc":{"start":{"line":51,"column":12},"end":{"line":59,"column":3}}},"3":{"name":"(anonymous_3)","decl":{"start":{"line":61,"column":2},"end":{"line":61,"column":9}},"loc":{"start":{"line":61,"column":9},"end":{"line":63,"column":3}}},"4":{"name":"(anonymous_4)","decl":{"start":{"line":65,"column":10},"end":{"line":65,"column":15}},"loc":{"start":{"line":65,"column":75},"end":{"line":83,"column":3}}},"5":{"name":"(anonymous_5)","decl":{"start":{"line":74,"column":39},"end":{"line":74,"column":40}},"loc":{"start":{"line":74,"column":48},"end":{"line":74,"column":74}}},"6":{"name":"(anonymous_6)","decl":{"start":{"line":85,"column":10},"end":{"line":85,"column":15}},"loc":{"start":{"line":85,"column":34},"end":{"line":175,"column":3}}},"7":{"name":"(anonymous_7)","decl":{"start":{"line":88,"column":12},"end":{"line":88,"column":13}},"loc":{"start":{"line":88,"column":22},"end":{"line":88,"column":42}}},"8":{"name":"(anonymous_8)","decl":{"start":{"line":100,"column":28},"end":{"line":100,"column":29}},"loc":{"start":{"line":100,"column":41},"end":{"line":100,"column":79}}},"9":{"name":"(anonymous_9)","decl":{"start":{"line":141,"column":59},"end":{"line":141,"column":60}},"loc":{"start":{"line":141,"column":84},"end":{"line":141,"column":104}}},"10":{"name":"(anonymous_10)","decl":{"start":{"line":172,"column":26},"end":{"line":172,"column":27}},"loc":{"start":{"line":172,"column":39},"end":{"line":172,"column":77}}}},"branchMap":{"0":{"loc":{"start":{"line":29,"column":4},"end":{"line":29,"column":46}},"type":"default-arg","locations":[{"start":{"line":29,"column":26},"end":{"line":29,"column":46}}]},"1":{"loc":{"start":{"line":35,"column":4},"end":{"line":38,"column":5}},"type":"if","locations":[{"start":{"line":35,"column":4},"end":{"line":38,"column":5}}]},"2":{"loc":{"start":{"line":52,"column":4},"end":{"line":55,"column":5}},"type":"if","locations":[{"start":{"line":52,"column":4},"end":{"line":55,"column":5}}]},"3":{"loc":{"start":{"line":66,"column":4},"end":{"line":66,"column":42}},"type":"if","locations":[{"start":{"line":66,"column":4},"end":{"line":66,"column":42}}]},"4":{"loc":{"start":{"line":88,"column":22},"end":{"line":88,"column":42}},"type":"cond-expr","locations":[{"start":{"line":88,"column":28},"end":{"line":88,"column":38}},{"start":{"line":88,"column":41},"end":{"line":88,"column":42}}]},"5":{"loc":{"start":{"line":99,"column":8},"end":{"line":102,"column":9}},"type":"if","locations":[{"start":{"line":99,"column":8},"end":{"line":102,"column":9}}]},"6":{"loc":{"start":{"line":137,"column":10},"end":{"line":137,"column":32}},"type":"if","locations":[{"start":{"line":137,"column":10},"end":{"line":137,"column":32}}]},"7":{"loc":{"start":{"line":147,"column":10},"end":{"line":155,"column":11}},"type":"if","locations":[{"start":{"line":147,"column":10},"end":{"line":155,"column":11}}]},"8":{"loc":{"start":{"line":158,"column":8},"end":{"line":160,"column":9}},"type":"if","locations":[{"start":{"line":158,"column":8},"end":{"line":160,"column":9}}]}},"s":{"0":1,"1":1,"2":1,"3":2,"4":0,"5":0,"6":2,"7":2,"8":2,"9":2,"10":0,"11":0,"12":2,"13":0,"14":0,"15":2,"16":2,"17":0,"18":48,"19":0,"20":48,"21":48,"22":2,"23":2,"24":2,"25":6,"26":6,"27":6,"28":4,"29":4,"30":4,"31":2,"32":2,"33":2,"34":2,"35":2,"36":48,"37":48,"38":48,"39":48,"40":0,"41":48,"42":48,"43":48,"44":48,"45":48,"46":48,"47":48,"48":2,"49":2,"50":2,"51":2,"52":2,"53":0,"54":6,"55":6,"56":1},"f":{"0":1,"1":2,"2":2,"3":0,"4":48,"5":48,"6":2,"7":2,"8":4,"9":48,"10":6},"b":{"0":[1],"1":[0],"2":[0],"3":[0],"4":[0,2],"5":[4],"6":[0],"7":[48],"8":[2]}}
,"/home/denier/izyane/mojaloop/reporting-aggregator-svc/src/domain/TransferAggregator.ts": {"path":"/home/denier/izyane/mojaloop/reporting-aggregator-svc/src/domain/TransferAggregator.ts","statementMap":{"0":{"start":{"line":5,"column":31},"end":{"line":5,"column":36}},"1":{"start":{"line":9,"column":21},"end":{"line":9,"column":35}},"2":{"start":{"line":12,"column":4},"end":{"line":12,"column":35}},"3":{"start":{"line":16,"column":4},"end":{"line":19,"column":5}},"4":{"start":{"line":17,"column":6},"end":{"line":17,"column":70}},"5":{"start":{"line":18,"column":6},"end":{"line":18,"column":13}},"6":{"start":{"line":21,"column":4},"end":{"line":21,"column":26}},"7":{"start":{"line":22,"column":4},"end":{"line":22,"column":60}},"8":{"start":{"line":24,"column":4},"end":{"line":29,"column":5}},"9":{"start":{"line":25,"column":6},"end":{"line":25,"column":39}},"10":{"start":{"line":27,"column":6},"end":{"line":27,"column":66}},"11":{"start":{"line":28,"column":6},"end":{"line":28,"column":18}},"12":{"start":{"line":33,"column":4},"end":{"line":36,"column":5}},"13":{"start":{"line":34,"column":6},"end":{"line":34,"column":70}},"14":{"start":{"line":35,"column":6},"end":{"line":35,"column":13}},"15":{"start":{"line":38,"column":4},"end":{"line":38,"column":27}},"16":{"start":{"line":40,"column":4},"end":{"line":40,"column":60}},"17":{"start":{"line":44,"column":4},"end":{"line":44,"column":21}},"18":{"start":{"line":48,"column":4},"end":{"line":48,"column":58}},"19":{"start":{"line":48,"column":46},"end":{"line":48,"column":58}},"20":{"start":{"line":50,"column":24},"end":{"line":54,"column":6}},"21":{"start":{"line":56,"column":4},"end":{"line":135,"column":6}},"22":{"start":{"line":139,"column":17},"end":{"line":141,"column":44}},"23":{"start":{"line":141,"column":22},"end":{"line":141,"column":42}},"24":{"start":{"line":143,"column":4},"end":{"line":304,"column":5}},"25":{"start":{"line":144,"column":6},"end":{"line":303,"column":7}},"26":{"start":{"line":145,"column":60},"end":{"line":151,"column":37}},"27":{"start":{"line":153,"column":8},"end":{"line":157,"column":9}},"28":{"start":{"line":155,"column":10},"end":{"line":155,"column":81}},"29":{"start":{"line":155,"column":41},"end":{"line":155,"column":79}},"30":{"start":{"line":156,"column":10},"end":{"line":156,"column":19}},"31":{"start":{"line":159,"column":33},"end":{"line":159,"column":96}},"32":{"start":{"line":159,"column":79},"end":{"line":159,"column":93}},"33":{"start":{"line":161,"column":24},"end":{"line":161,"column":99}},"34":{"start":{"line":163,"column":27},"end":{"line":257,"column":null}},"35":{"start":{"line":260,"column":34},"end":{"line":260,"column":46}},"36":{"start":{"line":263,"column":8},"end":{"line":288,"column":9}},"37":{"start":{"line":264,"column":26},"end":{"line":264,"column":28}},"38":{"start":{"line":266,"column":10},"end":{"line":278,"column":11}},"39":{"start":{"line":267,"column":12},"end":{"line":267,"column":53}},"40":{"start":{"line":268,"column":34},"end":{"line":268,"column":66}},"41":{"start":{"line":269,"column":12},"end":{"line":277,"column":13}},"42":{"start":{"line":270,"column":14},"end":{"line":276,"column":17}},"43":{"start":{"line":281,"column":10},"end":{"line":287,"column":11}},"44":{"start":{"line":282,"column":12},"end":{"line":286,"column":13}},"45":{"start":{"line":283,"column":14},"end":{"line":283,"column":66}},"46":{"start":{"line":285,"column":14},"end":{"line":285,"column":90}},"47":{"start":{"line":291,"column":8},"end":{"line":295,"column":10}},"48":{"start":{"line":296,"column":8},"end":{"line":296,"column":27}},"49":{"start":{"line":298,"column":8},"end":{"line":298,"column":81}},"50":{"start":{"line":300,"column":8},"end":{"line":300,"column":70}},"51":{"start":{"line":302,"column":8},"end":{"line":302,"column":79}},"52":{"start":{"line":302,"column":39},"end":{"line":302,"column":77}},"53":{"start":{"line":4,"column":0},"end":{"line":4,"column":13}}},"fnMap":{"0":{"name":"(anonymous_0)","decl":{"start":{"line":8,"column":2},"end":{"line":8,"column":null}},"loc":{"start":{"line":10,"column":48},"end":{"line":13,"column":3}}},"1":{"name":"(anonymous_1)","decl":{"start":{"line":15,"column":2},"end":{"line":15,"column":7}},"loc":{"start":{"line":15,"column":13},"end":{"line":30,"column":3}}},"2":{"name":"(anonymous_2)","decl":{"start":{"line":32,"column":2},"end":{"line":32,"column":7}},"loc":{"start":{"line":32,"column":12},"end":{"line":41,"column":3}}},"3":{"name":"(anonymous_3)","decl":{"start":{"line":43,"column":2},"end":{"line":43,"column":9}},"loc":{"start":{"line":43,"column":9},"end":{"line":45,"column":3}}},"4":{"name":"(anonymous_4)","decl":{"start":{"line":47,"column":10},"end":{"line":47,"column":15}},"loc":{"start":{"line":47,"column":44},"end":{"line":136,"column":3}}},"5":{"name":"(anonymous_5)","decl":{"start":{"line":138,"column":10},"end":{"line":138,"column":15}},"loc":{"start":{"line":138,"column":35},"end":{"line":305,"column":3}}},"6":{"name":"(anonymous_6)","decl":{"start":{"line":141,"column":12},"end":{"line":141,"column":13}},"loc":{"start":{"line":141,"column":22},"end":{"line":141,"column":42}}},"7":{"name":"(anonymous_7)","decl":{"start":{"line":155,"column":28},"end":{"line":155,"column":29}},"loc":{"start":{"line":155,"column":41},"end":{"line":155,"column":79}}},"8":{"name":"(anonymous_8)","decl":{"start":{"line":159,"column":70},"end":{"line":159,"column":71}},"loc":{"start":{"line":159,"column":79},"end":{"line":159,"column":93}}},"9":{"name":"(anonymous_9)","decl":{"start":{"line":302,"column":26},"end":{"line":302,"column":27}},"loc":{"start":{"line":302,"column":39},"end":{"line":302,"column":77}}}},"branchMap":{"0":{"loc":{"start":{"line":10,"column":4},"end":{"line":10,"column":48}},"type":"default-arg","locations":[{"start":{"line":10,"column":26},"end":{"line":10,"column":48}}]},"1":{"loc":{"start":{"line":16,"column":4},"end":{"line":19,"column":5}},"type":"if","locations":[{"start":{"line":16,"column":4},"end":{"line":19,"column":5}}]},"2":{"loc":{"start":{"line":33,"column":4},"end":{"line":36,"column":5}},"type":"if","locations":[{"start":{"line":33,"column":4},"end":{"line":36,"column":5}}]},"3":{"loc":{"start":{"line":48,"column":4},"end":{"line":48,"column":58}},"type":"if","locations":[{"start":{"line":48,"column":4},"end":{"line":48,"column":58}}]},"4":{"loc":{"start":{"line":48,"column":8},"end":{"line":48,"column":44}},"type":"binary-expr","locations":[{"start":{"line":48,"column":8},"end":{"line":48,"column":22}},{"start":{"line":48,"column":26},"end":{"line":48,"column":44}}]},"5":{"loc":{"start":{"line":59,"column":20},"end":{"line":59,"column":77}},"type":"cond-expr","locations":[{"start":{"line":59,"column":42},"end":{"line":59,"column":61}},{"start":{"line":59,"column":64},"end":{"line":59,"column":77}}]},"6":{"loc":{"start":{"line":60,"column":22},"end":{"line":60,"column":85}},"type":"cond-expr","locations":[{"start":{"line":60,"column":46},"end":{"line":60,"column":67}},{"start":{"line":60,"column":70},"end":{"line":60,"column":85}}]},"7":{"loc":{"start":{"line":61,"column":20},"end":{"line":61,"column":77}},"type":"cond-expr","locations":[{"start":{"line":61,"column":42},"end":{"line":61,"column":61}},{"start":{"line":61,"column":64},"end":{"line":61,"column":77}}]},"8":{"loc":{"start":{"line":62,"column":22},"end":{"line":62,"column":85}},"type":"cond-expr","locations":[{"start":{"line":62,"column":46},"end":{"line":62,"column":67}},{"start":{"line":62,"column":70},"end":{"line":62,"column":85}}]},"9":{"loc":{"start":{"line":66,"column":21},"end":{"line":66,"column":65}},"type":"cond-expr","locations":[{"start":{"line":66,"column":35},"end":{"line":66,"column":60}},{"start":{"line":66,"column":63},"end":{"line":66,"column":65}}]},"10":{"loc":{"start":{"line":75,"column":23},"end":{"line":86,"column":12}},"type":"cond-expr","locations":[{"start":{"line":76,"column":10},"end":{"line":85,"column":null}},{"start":{"line":86,"column":10},"end":{"line":86,"column":12}}]},"11":{"loc":{"start":{"line":104,"column":18},"end":{"line":104,"column":75}},"type":"cond-expr","locations":[{"start":{"line":104,"column":46},"end":{"line":104,"column":71}},{"start":{"line":104,"column":74},"end":{"line":104,"column":75}}]},"12":{"loc":{"start":{"line":118,"column":18},"end":{"line":118,"column":101}},"type":"cond-expr","locations":[{"start":{"line":118,"column":59},"end":{"line":118,"column":97}},{"start":{"line":118,"column":100},"end":{"line":118,"column":101}}]},"13":{"loc":{"start":{"line":122,"column":18},"end":{"line":122,"column":99}},"type":"cond-expr","locations":[{"start":{"line":122,"column":58},"end":{"line":122,"column":95}},{"start":{"line":122,"column":98},"end":{"line":122,"column":99}}]},"14":{"loc":{"start":{"line":126,"column":18},"end":{"line":126,"column":113}},"type":"cond-expr","locations":[{"start":{"line":126,"column":65},"end":{"line":126,"column":109}},{"start":{"line":126,"column":112},"end":{"line":126,"column":113}}]},"15":{"loc":{"start":{"line":130,"column":20},"end":{"line":130,"column":88}},"type":"cond-expr","locations":[{"start":{"line":130,"column":53},"end":{"line":130,"column":83}},{"start":{"line":130,"column":86},"end":{"line":130,"column":88}}]},"16":{"loc":{"start":{"line":131,"column":21},"end":{"line":131,"column":91}},"type":"cond-expr","locations":[{"start":{"line":131,"column":55},"end":{"line":131,"column":86}},{"start":{"line":131,"column":89},"end":{"line":131,"column":91}}]},"17":{"loc":{"start":{"line":141,"column":22},"end":{"line":141,"column":42}},"type":"cond-expr","locations":[{"start":{"line":141,"column":28},"end":{"line":141,"column":38}},{"start":{"line":141,"column":41},"end":{"line":141,"column":42}}]},"18":{"loc":{"start":{"line":153,"column":8},"end":{"line":157,"column":9}},"type":"if","locations":[{"start":{"line":153,"column":8},"end":{"line":157,"column":9}}]},"19":{"loc":{"start":{"line":263,"column":8},"end":{"line":288,"column":9}},"type":"if","locations":[{"start":{"line":263,"column":8},"end":{"line":288,"column":9}}]},"20":{"loc":{"start":{"line":269,"column":12},"end":{"line":277,"column":13}},"type":"if","locations":[{"start":{"line":269,"column":12},"end":{"line":277,"column":13}}]},"21":{"loc":{"start":{"line":281,"column":10},"end":{"line":287,"column":11}},"type":"if","locations":[{"start":{"line":281,"column":10},"end":{"line":287,"column":11}}]}},"s":{"0":1,"1":1,"2":1,"3":2,"4":0,"5":0,"6":2,"7":2,"8":2,"9":2,"10":0,"11":0,"12":2,"13":0,"14":0,"15":2,"16":2,"17":0,"18":70,"19":0,"20":70,"21":70,"22":2,"23":2,"24":2,"25":17,"26":17,"27":17,"28":14,"29":14,"30":14,"31":3,"32":585,"33":3,"34":3,"35":3,"36":3,"37":2,"38":2,"39":70,"40":70,"41":70,"42":70,"43":2,"44":2,"45":2,"46":0,"47":3,"48":3,"49":3,"50":0,"51":17,"52":17,"53":1},"f":{"0":1,"1":2,"2":2,"3":0,"4":70,"5":2,"6":2,"7":14,"8":585,"9":17},"b":{"0":[1],"1":[0],"2":[0],"3":[0],"4":[70,70],"5":[5,65],"6":[5,65],"7":[5,65],"8":[5,65],"9":[70,0],"10":[67,3],"11":[70,0],"12":[17,53],"13":[70,0],"14":[21,49],"15":[2,68],"16":[2,68],"17":[0,2],"18":[14],"19":[2],"20":[70],"21":[2]}}
,"/home/denier/izyane/mojaloop/reporting-aggregator-svc/src/domain/index.ts": {"path":"/home/denier/izyane/mojaloop/reporting-aggregator-svc/src/domain/index.ts","statementMap":{"0":{"start":{"line":1,"column":0},"end":{"line":1,"column":24}},"1":{"start":{"line":2,"column":0},"end":{"line":2,"column":37}}},"fnMap":{},"branchMap":{},"s":{"0":0,"1":0},"f":{},"b":{}}
,"/home/denier/izyane/mojaloop/reporting-aggregator-svc/src/infra/MongoClient.ts": {"path":"/home/denier/izyane/mojaloop/reporting-aggregator-svc/src/infra/MongoClient.ts","statementMap":{"0":{"start":{"line":4,"column":0},"end":{"line":4,"column":7}},"1":{"start":{"line":1,"column":0},"end":{"line":1,"column":35}},"2":{"start":{"line":2,"column":0},"end":{"line":2,"column":31}},"3":{"start":{"line":5,"column":22},"end":{"line":5,"column":54}},"4":{"start":{"line":7,"column":4},"end":{"line":9,"column":10}},"5":{"start":{"line":10,"column":14},"end":{"line":10,"column":100}},"6":{"start":{"line":12,"column":2},"end":{"line":15,"column":5}}},"fnMap":{"0":{"name":"initializeMongoClient","decl":{"start":{"line":4,"column":22},"end":{"line":4,"column":43}},"loc":{"start":{"line":4,"column":43},"end":{"line":16,"column":1}}}},"branchMap":{"0":{"loc":{"start":{"line":7,"column":4},"end":{"line":9,"column":10}},"type":"cond-expr","locations":[{"start":{"line":8,"column":8},"end":{"line":8,"column":94}},{"start":{"line":9,"column":8},"end":{"line":9,"column":10}}]},"1":{"loc":{"start":{"line":7,"column":4},"end":{"line":7,"column":44}},"type":"binary-expr","locations":[{"start":{"line":7,"column":4},"end":{"line":7,"column":20}},{"start":{"line":7,"column":24},"end":{"line":7,"column":44}}]}},"s":{"0":0,"1":0,"2":0,"3":0,"4":0,"5":0,"6":0},"f":{"0":0},"b":{"0":[0,0],"1":[0,0]}}
,"/home/denier/izyane/mojaloop/reporting-aggregator-svc/src/infra/MySQLClient.ts": {"path":"/home/denier/izyane/mojaloop/reporting-aggregator-svc/src/infra/MySQLClient.ts","statementMap":{"0":{"start":{"line":4,"column":0},"end":{"line":4,"column":16}},"1":{"start":{"line":1,"column":0},"end":{"line":1,"column":31}},"2":{"start":{"line":2,"column":0},"end":{"line":2,"column":34}},"3":{"start":{"line":5,"column":2},"end":{"line":16,"column":5}}},"fnMap":{"0":{"name":"initializeMySQLClient","decl":{"start":{"line":4,"column":16},"end":{"line":4,"column":37}},"loc":{"start":{"line":4,"column":37},"end":{"line":17,"column":1}}}},"branchMap":{},"s":{"0":0,"1":0,"2":0,"3":0},"f":{"0":0},"b":{}}
,"/home/denier/izyane/mojaloop/reporting-aggregator-svc/src/infra/index.ts": {"path":"/home/denier/izyane/mojaloop/reporting-aggregator-svc/src/infra/index.ts","statementMap":{"0":{"start":{"line":1,"column":0},"end":{"line":1,"column":24}},"1":{"start":{"line":2,"column":0},"end":{"line":2,"column":30}},"2":{"start":{"line":3,"column":0},"end":{"line":3,"column":30}}},"fnMap":{},"branchMap":{},"s":{"0":0,"1":0,"2":0},"f":{},"b":{}}
,"/home/denier/izyane/mojaloop/reporting-aggregator-svc/src/utils/index.ts": {"path":"/home/denier/izyane/mojaloop/reporting-aggregator-svc/src/utils/index.ts","statementMap":{"0":{"start":{"line":1,"column":0},"end":{"line":1,"column":9}},"1":{"start":{"line":6,"column":9},"end":{"line":1,"column":84}},"2":{"start":{"line":3,"column":0},"end":{"line":3,"column":24}},"3":{"start":{"line":4,"column":0},"end":{"line":4,"column":34}},"4":{"start":{"line":7,"column":13},"end":{"line":7,"column":46}}},"fnMap":{"0":{"name":"(anonymous_4)","decl":{"start":{"line":6,"column":9},"end":{"line":6,"column":22}},"loc":{"start":{"line":6,"column":9},"end":{"line":1,"column":84}}}},"branchMap":{},"s":{"0":1,"1":1,"2":1,"3":1,"4":1},"f":{"0":0},"b":{}}
,"/home/denier/izyane/mojaloop/reporting-aggregator-svc/src/utils/types.ts": {"path":"/home/denier/izyane/mojaloop/reporting-aggregator-svc/src/utils/types.ts","statementMap":{"0":{"start":{"line":10,"column":13},"end":{"line":10,"column":120}}},"fnMap":{},"branchMap":{},"s":{"0":1},"f":{},"b":{}}
}
