TN:
SF:../../src/config.ts
FNF:0
FNH:0
DA:1,0
DA:4,0
DA:91,0
DA:93,0
LF:4
LH:0
BRF:0
BRH:0
end_of_record
TN:
SF:../../src/constants.ts
FNF:0
FNH:0
DA:1,1
DA:3,1
DA:5,1
DA:10,1
LF:4
LH:4
BRF:0
BRH:0
end_of_record
TN:
SF:../../src/index.ts
FN:16,(anonymous_1)
FN:35,(anonymous_2)
FNF:2
FNH:0
FNDA:0,(anonymous_1)
FNDA:0,(anonymous_2)
DA:1,0
DA:2,0
DA:3,0
DA:4,0
DA:5,0
DA:6,0
DA:8,0
DA:9,0
DA:16,0
DA:17,0
DA:18,0
DA:20,0
DA:29,0
DA:30,0
DA:31,0
DA:32,0
DA:35,0
DA:36,0
DA:37,0
DA:38,0
DA:39,0
DA:40,0
DA:41,0
DA:43,0
DA:44,0
DA:48,0
LF:26
LH:0
BRF:0
BRH:0
end_of_record
TN:
SF:../../src/schemas.ts
FNF:0
FNH:0
DA:1,1
DA:142,1
DA:152,1
DA:168,1
DA:196,1
DA:231,1
DA:254,1
DA:304,1
DA:313,1
DA:338,1
DA:339,1
DA:340,1
LF:12
LH:12
BRF:0
BRH:0
end_of_record
TN:
SF:../../src/types.ts
FNF:0
FNH:0
DA:1,0
DA:2,0
DA:3,0
LF:3
LH:0
BRF:0
BRH:0
end_of_record
TN:
SF:../../src/domain/FxTransferAggregator.ts
FN:58,(anonymous_0)
FN:65,(anonymous_1)
FN:82,(anonymous_2)
FN:92,(anonymous_3)
FN:96,(anonymous_4)
FN:133,(anonymous_5)
FN:157,(anonymous_6)
FN:160,(anonymous_7)
FN:172,(anonymous_8)
FN:281,(anonymous_9)
FNF:10
FNH:0
FNDA:0,(anonymous_0)
FNDA:0,(anonymous_1)
FNDA:0,(anonymous_2)
FNDA:0,(anonymous_3)
FNDA:0,(anonymous_4)
FNDA:0,(anonymous_5)
FNDA:0,(anonymous_6)
FNDA:0,(anonymous_7)
FNDA:0,(anonymous_8)
FNDA:0,(anonymous_9)
DA:54,0
DA:55,0
DA:59,0
DA:62,0
DA:66,0
DA:67,0
DA:68,0
DA:71,0
DA:72,0
DA:74,0
DA:75,0
DA:77,0
DA:78,0
DA:83,0
DA:84,0
DA:85,0
DA:88,0
DA:89,0
DA:93,0
DA:100,0
DA:102,0
DA:104,0
DA:133,0
DA:158,0
DA:160,0
DA:162,0
DA:163,0
DA:164,0
DA:171,0
DA:172,0
DA:173,0
DA:177,0
DA:178,0
DA:180,0
DA:225,0
DA:238,0
DA:239,0
DA:241,0
DA:245,0
DA:246,0
DA:248,0
DA:249,0
DA:251,0
DA:252,0
DA:253,0
DA:263,0
DA:264,0
DA:265,0
DA:266,0
DA:268,0
DA:272,0
DA:277,0
DA:278,0
DA:280,0
DA:281,0
LF:55
LH:0
BRDA:60,0,0,0
BRDA:66,1,0,0
BRDA:83,2,0,0
BRDA:100,3,0,0
BRDA:102,4,0,0
BRDA:102,4,1,0
BRDA:109,5,0,0
BRDA:109,5,1,0
BRDA:110,6,0,0
BRDA:110,6,1,0
BRDA:111,7,0,0
BRDA:111,7,1,0
BRDA:112,8,0,0
BRDA:112,8,1,0
BRDA:113,9,0,0
BRDA:113,9,1,0
BRDA:114,10,0,0
BRDA:114,10,1,0
BRDA:115,11,0,0
BRDA:115,11,1,0
BRDA:116,12,0,0
BRDA:116,12,1,0
BRDA:118,13,0,0
BRDA:118,13,1,0
BRDA:119,14,0,0
BRDA:119,14,1,0
BRDA:120,15,0,0
BRDA:120,15,1,0
BRDA:121,16,0,0
BRDA:121,16,1,0
BRDA:122,17,0,0
BRDA:122,17,1,0
BRDA:123,18,0,0
BRDA:123,18,1,0
BRDA:124,19,0,0
BRDA:124,19,1,0
BRDA:126,20,0,0
BRDA:126,20,1,0
BRDA:127,21,0,0
BRDA:127,21,1,0
BRDA:130,22,0,0
BRDA:130,22,1,0
BRDA:131,23,0,0
BRDA:131,23,1,0
BRDA:134,24,0,0
BRDA:134,24,1,0
BRDA:136,25,0,0
BRDA:136,25,1,0
BRDA:137,26,0,0
BRDA:137,26,1,0
BRDA:140,27,0,0
BRDA:140,27,1,0
BRDA:141,28,0,0
BRDA:141,28,1,0
BRDA:147,29,0,0
BRDA:147,29,1,0
BRDA:148,30,0,0
BRDA:148,30,1,0
BRDA:149,31,0,0
BRDA:149,31,1,0
BRDA:160,32,0,0
BRDA:160,32,1,0
BRDA:171,33,0,0
BRDA:246,34,0,0
BRDA:252,35,0,0
BRDA:263,36,0,0
BRF:66
BRH:0
end_of_record
TN:
SF:../../src/domain/SettlementAggregator.ts
FN:27,(anonymous_0)
FN:34,(anonymous_1)
FN:51,(anonymous_2)
FN:61,(anonymous_3)
FN:65,(anonymous_4)
FN:77,(anonymous_5)
FN:88,(anonymous_6)
FN:91,(anonymous_7)
FN:103,(anonymous_8)
FN:144,(anonymous_9)
FN:172,(anonymous_10)
FNF:11
FNH:0
FNDA:0,(anonymous_0)
FNDA:0,(anonymous_1)
FNDA:0,(anonymous_2)
FNDA:0,(anonymous_3)
FNDA:0,(anonymous_4)
FNDA:0,(anonymous_5)
FNDA:0,(anonymous_6)
FNDA:0,(anonymous_7)
FNDA:0,(anonymous_8)
FNDA:0,(anonymous_9)
FNDA:0,(anonymous_10)
DA:23,0
DA:24,0
DA:28,0
DA:31,0
DA:35,0
DA:36,0
DA:37,0
DA:40,0
DA:41,0
DA:43,0
DA:44,0
DA:46,0
DA:47,0
DA:52,0
DA:53,0
DA:54,0
DA:57,0
DA:58,0
DA:62,0
DA:69,0
DA:71,0
DA:77,0
DA:89,0
DA:91,0
DA:93,0
DA:94,0
DA:95,0
DA:102,0
DA:103,0
DA:104,0
DA:108,0
DA:109,0
DA:111,0
DA:120,0
DA:134,0
DA:135,0
DA:138,0
DA:139,0
DA:140,0
DA:143,0
DA:144,0
DA:146,0
DA:148,0
DA:149,0
DA:159,0
DA:160,0
DA:163,0
DA:168,0
DA:169,0
DA:171,0
DA:172,0
LF:51
LH:0
BRDA:29,0,0,0
BRDA:35,1,0,0
BRDA:52,2,0,0
BRDA:69,3,0,0
BRDA:91,4,0,0
BRDA:91,4,1,0
BRDA:102,5,0,0
BRDA:140,6,0,0
BRDA:148,7,0,0
BRDA:159,8,0,0
BRF:10
BRH:0
end_of_record
TN:
SF:../../src/domain/TransferAggregator.ts
FN:8,(anonymous_0)
FN:15,(anonymous_1)
FN:32,(anonymous_2)
FN:43,(anonymous_3)
FN:47,(anonymous_4)
FN:138,(anonymous_5)
FN:141,(anonymous_6)
FN:155,(anonymous_7)
FN:159,(anonymous_8)
FN:313,(anonymous_9)
FNF:10
FNH:9
FNDA:1,(anonymous_0)
FNDA:1,(anonymous_1)
FNDA:1,(anonymous_2)
FNDA:0,(anonymous_3)
FNDA:6,(anonymous_4)
FNDA:1,(anonymous_5)
FNDA:1,(anonymous_6)
FNDA:2,(anonymous_7)
FNDA:40,(anonymous_8)
FNDA:3,(anonymous_9)
DA:4,1
DA:5,1
DA:9,1
DA:12,1
DA:16,1
DA:17,0
DA:18,0
DA:21,1
DA:22,1
DA:24,1
DA:25,1
DA:27,0
DA:28,0
DA:33,1
DA:34,0
DA:35,0
DA:38,1
DA:40,1
DA:44,0
DA:48,6
DA:50,6
DA:56,6
DA:139,1
DA:141,1
DA:143,1
DA:144,4
DA:145,4
DA:153,4
DA:155,2
DA:156,1
DA:159,40
DA:161,2
DA:163,2
DA:164,0
DA:169,0
DA:170,0
DA:173,2
DA:270,2
DA:272,2
DA:273,2
DA:274,2
DA:275,6
DA:276,6
DA:277,6
DA:287,2
DA:288,2
DA:289,2
DA:291,0
DA:295,2
DA:300,2
DA:301,2
DA:303,0
DA:308,0
DA:311,0
DA:313,3
LF:55
LH:41
BRDA:10,0,0,1
BRDA:16,1,0,0
BRDA:33,2,0,0
BRDA:48,3,0,0
BRDA:48,4,0,6
BRDA:48,4,1,6
BRDA:59,5,0,0
BRDA:59,5,1,6
BRDA:60,6,0,0
BRDA:60,6,1,6
BRDA:61,7,0,0
BRDA:61,7,1,6
BRDA:62,8,0,0
BRDA:62,8,1,6
BRDA:66,9,0,6
BRDA:66,9,1,0
BRDA:75,10,0,6
BRDA:75,10,1,0
BRDA:104,11,0,6
BRDA:104,11,1,0
BRDA:118,12,0,6
BRDA:118,12,1,0
BRDA:122,13,0,6
BRDA:122,13,1,0
BRDA:126,14,0,6
BRDA:126,14,1,0
BRDA:130,15,0,6
BRDA:130,15,1,0
BRDA:131,16,0,6
BRDA:131,16,1,0
BRDA:141,17,0,0
BRDA:141,17,1,1
BRDA:153,18,0,2
BRDA:163,19,0,0
BRDA:272,20,0,2
BRDA:272,20,1,0
BRDA:276,21,0,6
BRDA:287,22,0,2
BRF:38
BRH:20
end_of_record
TN:
SF:../../src/domain/index.ts
FNF:0
FNH:0
DA:1,0
DA:2,0
LF:2
LH:0
BRF:0
BRH:0
end_of_record
TN:
SF:../../src/infra/MongoClient.ts
FN:4,initializeMongoClient
FNF:1
FNH:0
FNDA:0,initializeMongoClient
DA:1,0
DA:2,0
DA:4,0
DA:5,0
DA:7,0
DA:10,0
DA:12,0
LF:7
LH:0
BRDA:7,0,0,0
BRDA:7,0,1,0
BRDA:7,1,0,0
BRDA:7,1,1,0
BRF:4
BRH:0
end_of_record
TN:
SF:../../src/infra/MySQLClient.ts
FN:4,initializeMySQLClient
FNF:1
FNH:0
FNDA:0,initializeMySQLClient
DA:1,0
DA:2,0
DA:4,0
DA:5,0
LF:4
LH:0
BRF:0
BRH:0
end_of_record
TN:
SF:../../src/infra/index.ts
FNF:0
FNH:0
DA:1,0
DA:2,0
DA:3,0
LF:3
LH:0
BRF:0
BRH:0
end_of_record
TN:
SF:../../src/utils/index.ts
FN:6,(anonymous_4)
FNF:1
FNH:0
FNDA:0,(anonymous_4)
DA:1,1
DA:3,1
DA:4,1
DA:6,1
DA:7,1
LF:5
LH:5
BRF:0
BRH:0
end_of_record
TN:
SF:../../src/utils/types.ts
FNF:0
FNH:0
DA:10,1
LF:1
LH:1
BRF:0
BRH:0
end_of_record
